2020-12-11 07:15:27.733 | INFO     | logger:<module>:6 - START LOGGER
2020-12-11 07:15:29.301 | INFO     | logger:<module>:6 - START LOGGER
2020-12-11 07:15:30.674 | INFO     | logger:<module>:6 - START LOGGER
2020-12-11 07:15:32.020 | INFO     | logger:<module>:6 - START LOGGER
2020-12-11 07:15:33.383 | INFO     | logger:<module>:6 - START LOGGER
2020-12-11 07:15:34.827 | INFO     | logger:<module>:6 - START LOGGER
2020-12-11 07:15:36.166 | INFO     | logger:<module>:6 - START LOGGER
2020-12-11 07:16:04.696 | INFO     | logger:<module>:6 - START LOGGER
2020-12-11 07:16:05.193 | INFO     | functions:check_user_in_bd:39 - Проверка юзера в бд
2020-12-11 07:16:05.194 | INFO     | functions:check_user_in_bd:39 - Проверка юзера в бд
2020-12-11 07:16:06.590 | INFO     | logger:<module>:6 - START LOGGER
2020-12-11 07:16:19.789 | INFO     | logger:<module>:6 - START LOGGER
2020-12-11 07:16:21.905 | INFO     | functions:check_user_in_bd:39 - Проверка юзера в бд
2020-12-11 07:16:53.084 | INFO     | logger:<module>:6 - START LOGGER
2020-12-11 07:16:55.176 | INFO     | functions:check_user_in_bd:39 - Проверка юзера в бд
2020-12-11 07:16:55.182 | INFO     | __main__:handler_start:43 - 1005141081| @None кликнул /start
2020-12-11 07:16:56.564 | INFO     | logger:<module>:6 - START LOGGER
2020-12-11 07:17:21.054 | INFO     | logger:<module>:6 - START LOGGER
2020-12-11 07:17:23.097 | INFO     | functions:check_user_in_bd:39 - Проверка юзера в бд
2020-12-11 07:17:23.105 | INFO     | __main__:handler_start:43 - 1005141081| @None кликнул /start
2020-12-11 07:17:55.052 | INFO     | logger:<module>:6 - START LOGGER
2020-12-11 07:17:56.337 | INFO     | functions:check_user_in_bd:39 - Проверка юзера в бд
2020-12-11 07:17:56.343 | INFO     | __main__:handler_start:43 - 1005141081| @None кликнул /start
2020-12-11 07:27:49.957 | INFO     | logger:<module>:6 - START LOGGER
2020-12-11 07:27:51.478 | INFO     | logger:<module>:6 - START LOGGER
2020-12-11 07:27:52.934 | INFO     | logger:<module>:6 - START LOGGER
2020-12-11 07:27:54.263 | INFO     | logger:<module>:6 - START LOGGER
2020-12-11 07:27:55.525 | INFO     | logger:<module>:6 - START LOGGER
2020-12-11 07:28:10.782 | INFO     | logger:<module>:6 - START LOGGER
2020-12-11 07:28:12.208 | INFO     | logger:<module>:6 - START LOGGER
2020-12-11 07:28:27.844 | INFO     | logger:<module>:6 - START LOGGER
2020-12-11 07:30:51.060 | INFO     | logger:<module>:6 - START LOGGER
2020-12-11 07:30:53.531 | INFO     | logger:<module>:6 - START LOGGER
2020-12-11 07:32:41.063 | INFO     | logger:<module>:6 - START LOGGER
2020-12-11 07:37:02.424 | INFO     | logger:<module>:6 - START LOGGER
2020-12-11 07:44:54.309 | INFO     | logger:<module>:6 - START LOGGER
2020-12-11 07:46:20.467 | INFO     | logger:<module>:6 - START LOGGER
2020-12-11 08:01:42.454 | INFO     | logger:<module>:6 - START LOGGER
2020-12-11 08:02:14.366 | INFO     | logger:<module>:6 - START LOGGER
2020-12-11 08:03:02.529 | INFO     | logger:<module>:6 - START LOGGER
2020-12-11 08:03:12.166 | INFO     | logger:<module>:6 - START LOGGER
2020-12-11 08:08:36.364 | INFO     | logger:<module>:6 - START LOGGER
2020-12-11 08:09:09.784 | INFO     | logger:<module>:6 - START LOGGER
2020-12-11 08:09:55.469 | INFO     | logger:<module>:6 - START LOGGER
2020-12-11 08:12:20.871 | INFO     | logger:<module>:6 - START LOGGER
2020-12-11 08:13:21.802 | INFO     | logger:<module>:6 - START LOGGER
2020-12-11 08:15:06.647 | INFO     | logger:<module>:6 - START LOGGER
2020-12-11 08:19:50.453 | INFO     | logger:<module>:6 - START LOGGER
2020-12-11 08:30:18.704 | INFO     | logger:<module>:6 - START LOGGER
2020-12-11 08:31:00.763 | INFO     | logger:<module>:6 - START LOGGER
2020-12-11 08:31:05.229 | INFO     | logger:<module>:6 - START LOGGER
2020-12-11 08:31:21.117 | INFO     | logger:<module>:6 - START LOGGER
2020-12-11 08:32:41.893 | INFO     | logger:<module>:6 - START LOGGER
2020-12-27 14:54:56.595 | INFO     | logger:<module>:6 - START LOGGER
2020-12-27 14:55:05.884 | INFO     | functions:check_user_in_bd:39 - Проверка юзера в бд
2020-12-27 14:55:52.541 | INFO     | logger:<module>:6 - START LOGGER
2020-12-27 14:55:56.292 | INFO     | functions:check_user_in_bd:39 - Проверка юзера в бд
2020-12-27 14:55:56.297 | INFO     | __main__:handler_start:44 - 1256551608| @VoX_DoX кликнул /start
2020-12-27 14:56:10.335 | ERROR    | __main__:screen:121 - Ошибка! module 'PIL' has no attribute 'Image'
2020-12-27 14:58:08.380 | ERROR    | __main__:screen:121 - Ошибка! module 'PIL' has no attribute 'Image'
2020-12-27 14:58:57.634 | INFO     | logger:<module>:6 - START LOGGER
2020-12-27 15:04:42.400 | INFO     | logger:<module>:6 - START LOGGER
2020-12-27 15:04:57.994 | INFO     | functions:check_user_in_bd:39 - Проверка юзера в бд
2020-12-27 15:04:58.000 | INFO     | __main__:handler_start:45 - 1256551608| @VoX_DoX кликнул /start
2020-12-27 15:23:03.985 | INFO     | logger:<module>:6 - START LOGGER
2020-12-27 15:23:22.657 | ERROR    | __main__:screen:128 - Ошибка! A request to the Telegram API was unsuccessful. Error code: 400 Description: Bad Request: IMAGE_PROCESS_FAILED
2020-12-27 15:25:46.397 | INFO     | logger:<module>:6 - START LOGGER
2020-12-27 15:25:55.142 | ERROR    | __main__:screen:131 - Ошибка! A request to the Telegram API was unsuccessful. Error code: 400 Description: Bad Request: IMAGE_PROCESS_FAILED
2020-12-27 15:26:45.280 | INFO     | logger:<module>:6 - START LOGGER
2020-12-27 15:34:44.526 | INFO     | logger:<module>:6 - START LOGGER
2020-12-27 15:35:56.564 | INFO     | logger:<module>:6 - START LOGGER
2020-12-27 15:36:29.133 | INFO     | logger:<module>:6 - START LOGGER
2020-12-27 15:54:04.695 | INFO     | logger:<module>:6 - START LOGGER
2020-12-27 15:55:44.600 | INFO     | logger:<module>:6 - START LOGGER
2020-12-27 16:00:53.489 | INFO     | logger:<module>:6 - START LOGGER
2020-12-27 16:07:45.306 | INFO     | logger:<module>:6 - START LOGGER
2020-12-27 16:09:11.930 | INFO     | logger:<module>:6 - START LOGGER
2020-12-27 16:19:58.886 | INFO     | logger:<module>:6 - START LOGGER
2020-12-27 16:20:45.040 | INFO     | logger:<module>:6 - START LOGGER
2020-12-27 16:25:05.182 | INFO     | logger:<module>:6 - START LOGGER
2020-12-27 16:25:12.519 | INFO     | logger:<module>:6 - START LOGGER
2020-12-27 16:25:32.868 | INFO     | logger:<module>:6 - START LOGGER
2020-12-27 16:25:35.547 | INFO     | logger:<module>:6 - START LOGGER
2020-12-27 16:26:18.714 | INFO     | logger:<module>:6 - START LOGGER
2020-12-27 16:27:27.788 | INFO     | logger:<module>:6 - START LOGGER
2020-12-27 16:33:38.171 | INFO     | logger:<module>:6 - START LOGGER
2020-12-27 16:41:46.417 | INFO     | logger:<module>:6 - START LOGGER
2020-12-27 16:47:05.656 | INFO     | logger:<module>:6 - START LOGGER
2020-12-27 16:47:43.157 | ERROR    | __main__:screen:227 - Ошибка! A request to the Telegram API was unsuccessful. Error code: 400 Description: Bad Request: IMAGE_PROCESS_FAILED
2020-12-27 16:48:39.301 | ERROR    | __main__:screen:227 - Ошибка! A request to the Telegram API was unsuccessful. Error code: 400 Description: Bad Request: IMAGE_PROCESS_FAILED
2020-12-27 16:48:46.200 | INFO     | logger:<module>:6 - START LOGGER
2020-12-27 17:01:16.393 | INFO     | logger:<module>:6 - START LOGGER
2020-12-27 17:02:50.906 | INFO     | logger:<module>:6 - START LOGGER
2020-12-27 17:04:36.789 | INFO     | logger:<module>:6 - START LOGGER
2020-12-27 17:04:41.205 | INFO     | logger:<module>:6 - START LOGGER
2020-12-27 17:05:04.356 | INFO     | logger:<module>:6 - START LOGGER
2020-12-27 17:05:07.341 | INFO     | logger:<module>:6 - START LOGGER
2020-12-27 17:05:33.964 | INFO     | logger:<module>:6 - START LOGGER
2020-12-27 17:06:53.979 | INFO     | logger:<module>:6 - START LOGGER
2020-12-27 17:08:31.086 | INFO     | logger:<module>:6 - START LOGGER
2020-12-27 17:18:45.229 | INFO     | logger:<module>:6 - START LOGGER
2020-12-27 17:18:59.272 | ERROR    | __main__:id_tg:304 - 'Message' object has no attribute 'cha'
2020-12-27 17:19:22.791 | INFO     | logger:<module>:6 - START LOGGER
2020-12-27 17:23:11.041 | INFO     | logger:<module>:6 - START LOGGER
2020-12-27 17:26:19.303 | INFO     | logger:<module>:6 - START LOGGER
2020-12-27 17:33:59.121 | INFO     | logger:<module>:6 - START LOGGER
2020-12-27 17:40:55.634 | INFO     | logger:<module>:6 - START LOGGER
2020-12-27 17:50:07.248 | INFO     | logger:<module>:6 - START LOGGER
2020-12-27 17:50:30.397 | INFO     | logger:<module>:6 - START LOGGER
2020-12-27 17:50:54.742 | INFO     | logger:<module>:6 - START LOGGER
2020-12-27 17:50:57.636 | INFO     | logger:<module>:6 - START LOGGER
2020-12-27 17:51:18.419 | INFO     | logger:<module>:6 - START LOGGER
2020-12-27 17:51:41.450 | INFO     | logger:<module>:6 - START LOGGER
2020-12-27 17:56:08.515 | INFO     | logger:<module>:6 - START LOGGER
2020-12-27 17:59:12.896 | INFO     | logger:<module>:6 - START LOGGER
2020-12-27 18:20:31.264 | INFO     | logger:<module>:6 - START LOGGER
2020-12-27 18:25:28.364 | INFO     | logger:<module>:6 - START LOGGER
2020-12-27 18:26:14.441 | INFO     | logger:<module>:6 - START LOGGER
2020-12-27 18:27:19.511 | INFO     | logger:<module>:6 - START LOGGER
2020-12-27 18:32:25.722 | INFO     | logger:<module>:6 - START LOGGER
2020-12-27 18:35:01.429 | INFO     | logger:<module>:6 - START LOGGER
2020-12-27 18:39:00.528 | INFO     | logger:<module>:6 - START LOGGER
2020-12-27 18:40:00.174 | INFO     | logger:<module>:6 - START LOGGER
2020-12-27 18:43:44.980 | INFO     | logger:<module>:6 - START LOGGER
2020-12-27 18:43:49.468 | INFO     | logger:<module>:6 - START LOGGER
2020-12-27 18:44:33.860 | INFO     | logger:<module>:6 - START LOGGER
2020-12-27 18:44:36.937 | INFO     | logger:<module>:6 - START LOGGER
2020-12-27 18:45:17.431 | INFO     | logger:<module>:6 - START LOGGER
2020-12-27 18:47:18.984 | INFO     | logger:<module>:6 - START LOGGER
2020-12-27 18:47:22.279 | INFO     | logger:<module>:6 - START LOGGER
2020-12-27 18:47:37.466 | INFO     | logger:<module>:6 - START LOGGER
2020-12-27 18:48:24.144 | INFO     | logger:<module>:6 - START LOGGER
2020-12-27 18:51:26.457 | INFO     | logger:<module>:6 - START LOGGER
2020-12-27 18:52:11.858 | INFO     | logger:<module>:6 - START LOGGER
2020-12-27 18:52:59.869 | INFO     | logger:<module>:6 - START LOGGER
2020-12-27 18:54:37.377 | INFO     | logger:<module>:6 - START LOGGER
2020-12-27 18:55:01.540 | INFO     | logger:<module>:6 - START LOGGER
2020-12-27 18:55:05.776 | INFO     | logger:<module>:6 - START LOGGER
2020-12-27 18:56:15.753 | INFO     | logger:<module>:6 - START LOGGER
2020-12-27 18:57:02.153 | INFO     | logger:<module>:6 - START LOGGER
2020-12-27 18:58:35.344 | INFO     | logger:<module>:6 - START LOGGER
2020-12-27 19:00:10.370 | INFO     | logger:<module>:6 - START LOGGER
2020-12-27 19:02:24.115 | INFO     | logger:<module>:6 - START LOGGER
2020-12-27 19:04:02.805 | INFO     | logger:<module>:6 - START LOGGER
2020-12-27 19:04:37.686 | INFO     | logger:<module>:6 - START LOGGER
2020-12-27 19:05:51.890 | INFO     | logger:<module>:6 - START LOGGER
2020-12-27 19:06:25.153 | INFO     | logger:<module>:6 - START LOGGER
2020-12-27 19:08:42.900 | INFO     | logger:<module>:6 - START LOGGER
2020-12-27 19:10:36.081 | INFO     | logger:<module>:6 - START LOGGER
2020-12-27 19:11:07.746 | INFO     | logger:<module>:6 - START LOGGER
2020-12-27 19:17:34.872 | INFO     | logger:<module>:6 - START LOGGER
2020-12-27 19:18:14.861 | INFO     | logger:<module>:6 - START LOGGER
2020-12-27 19:18:27.566 | INFO     | logger:<module>:6 - START LOGGER
2020-12-27 19:19:21.175 | INFO     | logger:<module>:6 - START LOGGER
2020-12-27 19:23:03.031 | INFO     | logger:<module>:6 - START LOGGER
2020-12-27 19:23:08.114 | INFO     | logger:<module>:6 - START LOGGER
2020-12-27 19:25:36.578 | INFO     | logger:<module>:6 - START LOGGER
2020-12-27 19:25:47.174 | INFO     | logger:<module>:6 - START LOGGER
2020-12-27 19:26:03.577 | INFO     | logger:<module>:6 - START LOGGER
2020-12-27 19:27:26.244 | INFO     | logger:<module>:6 - START LOGGER
2020-12-27 19:31:12.907 | INFO     | logger:<module>:6 - START LOGGER
2020-12-27 19:33:13.020 | INFO     | logger:<module>:6 - START LOGGER
2020-12-27 19:35:20.332 | INFO     | logger:<module>:6 - START LOGGER
2020-12-27 19:35:23.181 | INFO     | logger:<module>:6 - START LOGGER
2020-12-27 19:35:39.486 | INFO     | logger:<module>:6 - START LOGGER
2020-12-27 19:35:42.143 | INFO     | logger:<module>:6 - START LOGGER
2020-12-27 19:36:12.661 | INFO     | logger:<module>:6 - START LOGGER
2020-12-27 19:37:19.443 | INFO     | logger:<module>:6 - START LOGGER
2020-12-27 19:39:05.906 | INFO     | logger:<module>:6 - START LOGGER
2020-12-27 19:40:22.183 | INFO     | logger:<module>:6 - START LOGGER
2020-12-27 19:43:20.250 | INFO     | logger:<module>:6 - START LOGGER
2020-12-27 19:43:36.105 | INFO     | logger:<module>:6 - START LOGGER
2020-12-27 19:44:20.352 | INFO     | logger:<module>:6 - START LOGGER
2020-12-27 19:46:53.720 | INFO     | logger:<module>:6 - START LOGGER
2020-12-27 19:48:05.210 | INFO     | logger:<module>:6 - START LOGGER
2020-12-27 19:48:57.424 | INFO     | logger:<module>:6 - START LOGGER
2020-12-27 19:50:33.297 | INFO     | logger:<module>:6 - START LOGGER
2020-12-27 19:53:20.700 | INFO     | logger:<module>:6 - START LOGGER
2020-12-27 19:56:12.342 | INFO     | logger:<module>:6 - START LOGGER
2020-12-27 19:58:45.113 | INFO     | logger:<module>:6 - START LOGGER
2020-12-27 20:01:58.945 | INFO     | logger:<module>:6 - START LOGGER
2020-12-27 20:02:13.516 | INFO     | logger:<module>:6 - START LOGGER
2020-12-27 20:03:05.999 | INFO     | logger:<module>:6 - START LOGGER
2020-12-27 20:03:08.793 | INFO     | logger:<module>:6 - START LOGGER
2020-12-27 20:03:26.367 | INFO     | logger:<module>:6 - START LOGGER
2020-12-27 20:11:30.996 | INFO     | logger:<module>:6 - START LOGGER
2020-12-27 20:11:34.707 | INFO     | logger:<module>:6 - START LOGGER
2020-12-27 20:11:51.727 | INFO     | logger:<module>:6 - START LOGGER
2020-12-27 20:13:28.089 | INFO     | logger:<module>:6 - START LOGGER
2020-12-27 20:13:31.653 | INFO     | logger:<module>:6 - START LOGGER
2020-12-27 20:13:48.676 | INFO     | logger:<module>:6 - START LOGGER
2020-12-27 20:15:05.741 | INFO     | logger:<module>:6 - START LOGGER
2020-12-27 20:19:16.909 | INFO     | logger:<module>:6 - START LOGGER
2020-12-27 20:22:45.922 | INFO     | logger:<module>:6 - START LOGGER
2020-12-27 20:27:21.162 | INFO     | logger:<module>:6 - START LOGGER
2020-12-27 20:29:23.905 | INFO     | logger:<module>:6 - START LOGGER
2020-12-27 20:30:37.501 | INFO     | logger:<module>:6 - START LOGGER
2020-12-27 20:31:15.470 | INFO     | logger:<module>:6 - START LOGGER
2020-12-27 20:36:52.351 | INFO     | logger:<module>:6 - START LOGGER
2020-12-27 20:40:20.579 | INFO     | logger:<module>:6 - START LOGGER
2020-12-27 20:41:58.413 | INFO     | logger:<module>:6 - START LOGGER
2020-12-27 20:47:49.307 | INFO     | logger:<module>:6 - START LOGGER
2020-12-27 20:48:01.055 | INFO     | logger:<module>:6 - START LOGGER
2020-12-27 20:48:13.401 | INFO     | logger:<module>:6 - START LOGGER
2020-12-27 20:48:16.425 | INFO     | logger:<module>:6 - START LOGGER
2020-12-27 20:48:39.363 | INFO     | logger:<module>:6 - START LOGGER
2020-12-27 20:48:41.519 | INFO     | logger:<module>:6 - START LOGGER
2020-12-27 20:48:58.271 | INFO     | logger:<module>:6 - START LOGGER
2020-12-27 20:55:10.856 | INFO     | logger:<module>:6 - START LOGGER
2020-12-27 20:56:07.815 | INFO     | logger:<module>:6 - START LOGGER
2020-12-27 20:56:10.936 | INFO     | logger:<module>:6 - START LOGGER
2020-12-27 20:56:34.735 | INFO     | logger:<module>:6 - START LOGGER
2020-12-27 20:57:45.473 | INFO     | logger:<module>:6 - START LOGGER
2020-12-27 20:59:00.741 | INFO     | logger:<module>:6 - START LOGGER
2020-12-27 21:08:32.079 | INFO     | logger:<module>:6 - START LOGGER
2020-12-27 21:09:00.675 | INFO     | logger:<module>:6 - START LOGGER
2020-12-27 21:11:22.831 | INFO     | logger:<module>:6 - START LOGGER
2020-12-27 21:13:47.638 | INFO     | logger:<module>:6 - START LOGGER
2020-12-27 21:15:44.229 | INFO     | logger:<module>:6 - START LOGGER
2020-12-27 21:19:49.421 | INFO     | logger:<module>:6 - START LOGGER
2020-12-27 21:21:29.497 | INFO     | logger:<module>:6 - START LOGGER
2020-12-27 21:25:37.796 | INFO     | logger:<module>:6 - START LOGGER
2020-12-27 21:26:01.591 | INFO     | logger:<module>:6 - START LOGGER
2020-12-27 21:36:10.324 | INFO     | logger:<module>:6 - START LOGGER
2020-12-27 21:36:11.739 | INFO     | logger:<module>:6 - START LOGGER
2020-12-27 21:36:12.998 | INFO     | logger:<module>:6 - START LOGGER
2020-12-27 21:36:24.139 | INFO     | logger:<module>:6 - START LOGGER
2020-12-27 21:36:50.753 | INFO     | logger:<module>:6 - START LOGGER
2020-12-27 21:38:39.462 | INFO     | logger:<module>:6 - START LOGGER
2020-12-27 21:38:58.703 | INFO     | logger:<module>:6 - START LOGGER
2020-12-27 21:39:01.808 | INFO     | functions:check_user_in_bd:39 - Проверка юзера в бд
2020-12-27 21:39:01.814 | INFO     | __main__:handler_start:51 - 1256551608| @VoX_DoX кликнул /start
2020-12-27 21:40:33.418 | INFO     | logger:<module>:6 - START LOGGER
2020-12-27 21:41:58.788 | INFO     | logger:<module>:6 - START LOGGER
2020-12-27 21:42:05.923 | INFO     | logger:<module>:6 - START LOGGER
2020-12-27 21:42:08.401 | INFO     | logger:<module>:6 - START LOGGER
2020-12-27 21:42:30.724 | INFO     | logger:<module>:6 - START LOGGER
2020-12-27 21:42:44.553 | INFO     | logger:<module>:6 - START LOGGER
2020-12-27 21:47:54.612 | INFO     | logger:<module>:6 - START LOGGER
2020-12-27 21:51:45.590 | INFO     | logger:<module>:6 - START LOGGER
2020-12-27 21:54:42.952 | INFO     | logger:<module>:6 - START LOGGER
2020-12-27 22:04:05.154 | INFO     | logger:<module>:6 - START LOGGER
2020-12-27 22:04:40.870 | INFO     | logger:<module>:6 - START LOGGER
2020-12-27 22:21:40.234 | INFO     | logger:<module>:6 - START LOGGER
2020-12-27 22:22:29.846 | INFO     | logger:<module>:6 - START LOGGER
2020-12-27 22:22:43.676 | INFO     | logger:<module>:6 - START LOGGER
2020-12-27 22:23:52.132 | INFO     | logger:<module>:6 - START LOGGER
2020-12-27 22:24:49.165 | INFO     | logger:<module>:6 - START LOGGER
2020-12-27 22:25:42.720 | INFO     | logger:<module>:6 - START LOGGER
2020-12-27 22:26:43.420 | INFO     | logger:<module>:6 - START LOGGER
2020-12-27 22:28:17.174 | INFO     | logger:<module>:6 - START LOGGER
2020-12-27 22:29:26.843 | INFO     | logger:<module>:6 - START LOGGER
2020-12-27 22:29:36.104 | INFO     | logger:<module>:6 - START LOGGER
2020-12-27 22:30:12.189 | INFO     | logger:<module>:6 - START LOGGER
2020-12-27 22:30:34.250 | INFO     | logger:<module>:6 - START LOGGER
2020-12-27 22:31:38.510 | INFO     | functions:check_user_in_bd:51 - Проверка юзера в бд
2020-12-27 22:40:41.265 | INFO     | logger:<module>:6 - START LOGGER
2020-12-27 22:42:05.991 | INFO     | functions:check_user_in_bd:51 - Проверка юзера в бд
2020-12-27 22:42:05.999 | INFO     | __main__:handler_start:54 - 573264562| @lanru7 кликнул /start
2020-12-27 22:42:25.920 | INFO     | functions:check_user_in_bd:51 - Проверка юзера в бд
2020-12-27 22:42:25.925 | INFO     | __main__:handler_start:54 - 1256551608| @VoX_DoX кликнул /start
2020-12-27 23:36:07.999 | INFO     | logger:<module>:6 - START LOGGER
2020-12-28 01:16:42.549 | INFO     | logger:<module>:6 - START LOGGER
2020-12-28 15:35:53.093 | INFO     | logger:<module>:6 - START LOGGER
2020-12-28 15:36:24.609 | INFO     | logger:<module>:6 - START LOGGER
2020-12-28 21:05:48.121 | INFO     | logger:<module>:6 - START LOGGER
2020-12-28 23:32:49.866 | INFO     | logger:<module>:6 - START LOGGER
2020-12-28 23:46:43.426 | INFO     | logger:<module>:6 - START LOGGER
2020-12-29 00:48:22.643 | INFO     | logger:<module>:6 - START LOGGER
2020-12-29 05:37:40.977 | INFO     | logger:<module>:6 - START LOGGER
2020-12-29 18:22:03.534 | INFO     | logger:<module>:6 - START LOGGER
2020-12-29 21:12:02.799 | INFO     | logger:<module>:6 - START LOGGER
2020-12-29 21:12:34.205 | INFO     | logger:<module>:6 - START LOGGER
2020-12-29 23:20:45.475 | INFO     | logger:<module>:6 - START LOGGER
2020-12-29 23:21:16.710 | INFO     | logger:<module>:6 - START LOGGER
2020-12-30 06:53:48.326 | INFO     | logger:<module>:6 - START LOGGER
2020-12-30 06:54:20.201 | INFO     | logger:<module>:6 - START LOGGER
2020-12-30 06:54:51.623 | INFO     | logger:<module>:6 - START LOGGER
2020-12-30 10:03:16.842 | INFO     | logger:<module>:6 - START LOGGER
2020-12-30 10:03:48.280 | INFO     | logger:<module>:6 - START LOGGER
2020-12-30 10:04:19.593 | INFO     | logger:<module>:6 - START LOGGER
2020-12-30 12:21:32.187 | ERROR    | __main__:id_tg:864 - A request to the Telegram API was unsuccessful. Error code: 403. Description: Forbidden: bot was blocked by the user
2020-12-30 12:54:29.570 | ERROR    | __main__:id_tg:864 - 'NoneType' object has no attribute 'isdigit'
2020-12-30 13:21:06.944 | ERROR    | __main__:id_tg:864 - 'NoneType' object has no attribute 'isdigit'
2020-12-30 13:59:19.509 | INFO     | logger:<module>:6 - START LOGGER
2020-12-30 13:59:51.025 | INFO     | logger:<module>:6 - START LOGGER
2020-12-30 15:41:58.917 | INFO     | logger:<module>:6 - START LOGGER
2020-12-30 20:42:23.345 | INFO     | logger:<module>:6 - START LOGGER
2020-12-30 23:07:26.792 | INFO     | logger:<module>:6 - START LOGGER
2020-12-30 23:07:58.121 | INFO     | logger:<module>:6 - START LOGGER
2020-12-31 14:10:08.186 | INFO     | logger:<module>:6 - START LOGGER
2020-12-31 14:10:39.530 | INFO     | logger:<module>:6 - START LOGGER
2020-12-31 14:11:10.858 | INFO     | logger:<module>:6 - START LOGGER
2020-12-31 14:11:42.140 | INFO     | logger:<module>:6 - START LOGGER
2020-12-31 14:12:13.327 | INFO     | logger:<module>:6 - START LOGGER
2020-12-31 14:12:44.702 | INFO     | logger:<module>:6 - START LOGGER
2020-12-31 23:08:18.845 | INFO     | logger:<module>:6 - START LOGGER
2020-12-31 23:08:50.235 | INFO     | logger:<module>:6 - START LOGGER
2020-12-31 23:09:21.688 | INFO     | logger:<module>:6 - START LOGGER
2020-12-31 23:09:53.157 | INFO     | logger:<module>:6 - START LOGGER
2020-12-31 23:10:24.579 | INFO     | logger:<module>:6 - START LOGGER
2020-12-31 23:10:55.954 | INFO     | logger:<module>:6 - START LOGGER
2021-01-01 04:03:27.335 | INFO     | logger:<module>:6 - START LOGGER
2021-01-01 04:10:58.977 | INFO     | logger:<module>:6 - START LOGGER
2021-01-01 22:57:41.338 | INFO     | logger:<module>:6 - START LOGGER
2021-01-01 22:58:12.541 | INFO     | logger:<module>:6 - START LOGGER
2021-01-01 22:58:43.744 | INFO     | logger:<module>:6 - START LOGGER
2021-01-01 22:59:15.150 | INFO     | logger:<module>:6 - START LOGGER
2021-01-01 22:59:46.354 | INFO     | logger:<module>:6 - START LOGGER
2021-01-01 23:00:17.494 | INFO     | logger:<module>:6 - START LOGGER
2021-01-01 23:00:48.666 | INFO     | logger:<module>:6 - START LOGGER
2021-01-02 13:10:27.913 | INFO     | logger:<module>:6 - START LOGGER
2021-01-02 13:10:59.132 | INFO     | logger:<module>:6 - START LOGGER
2021-01-02 13:11:30.366 | INFO     | logger:<module>:6 - START LOGGER
2021-01-02 13:12:01.507 | INFO     | logger:<module>:6 - START LOGGER
2021-01-02 22:34:18.795 | INFO     | logger:<module>:6 - START LOGGER
2021-01-02 22:34:49.967 | INFO     | logger:<module>:6 - START LOGGER
2021-01-02 22:35:21.310 | INFO     | logger:<module>:6 - START LOGGER
2021-01-02 22:35:52.560 | INFO     | logger:<module>:6 - START LOGGER
2021-01-03 04:11:01.716 | INFO     | logger:<module>:6 - START LOGGER
2021-01-03 14:11:32.369 | INFO     | logger:<module>:6 - START LOGGER
2021-01-03 14:12:03.557 | INFO     | logger:<module>:6 - START LOGGER
2021-01-03 21:40:10.776 | INFO     | logger:<module>:6 - START LOGGER
2021-01-03 21:40:42.136 | INFO     | logger:<module>:6 - START LOGGER
2021-01-03 21:41:13.745 | INFO     | logger:<module>:6 - START LOGGER
2021-01-04 03:24:54.278 | ERROR    | __main__:id_tg:864 - Expecting value: line 1 column 1 (char 0)
2021-01-04 18:28:34.235 | INFO     | logger:<module>:6 - START LOGGER
2021-01-04 18:29:05.579 | INFO     | logger:<module>:6 - START LOGGER
2021-01-04 21:49:29.536 | INFO     | logger:<module>:6 - START LOGGER
2021-01-04 21:50:01.333 | INFO     | logger:<module>:6 - START LOGGER
2021-01-04 21:50:32.724 | INFO     | logger:<module>:6 - START LOGGER
2021-01-05 04:11:03.400 | INFO     | logger:<module>:6 - START LOGGER
2021-01-05 14:10:09.930 | INFO     | logger:<module>:6 - START LOGGER
2021-01-05 14:10:41.617 | INFO     | logger:<module>:6 - START LOGGER
2021-01-05 19:14:41.499 | INFO     | logger:<module>:6 - START LOGGER
2021-01-05 19:17:15.843 | INFO     | logger:<module>:6 - START LOGGER
2021-01-06 00:20:26.304 | INFO     | logger:<module>:6 - START LOGGER
2021-01-06 00:28:42.805 | INFO     | logger:<module>:6 - START LOGGER
2021-01-07 09:18:22.901 | INFO     | logger:<module>:6 - START LOGGER
2021-01-08 06:34:25.735 | ERROR    | __main__:id_tg:864 - 'NoneType' object has no attribute 'isdigit'
2021-01-08 23:24:31.351 | INFO     | logger:<module>:6 - START LOGGER
2021-01-08 23:24:32.835 | INFO     | logger:<module>:6 - START LOGGER
2021-01-08 23:24:34.069 | INFO     | logger:<module>:6 - START LOGGER
2021-01-08 23:24:35.226 | INFO     | logger:<module>:6 - START LOGGER
2021-01-08 23:24:41.695 | INFO     | logger:<module>:6 - START LOGGER
2021-01-08 23:24:43.163 | INFO     | logger:<module>:6 - START LOGGER
2021-01-08 23:24:44.601 | INFO     | logger:<module>:6 - START LOGGER
2021-01-08 23:24:46.054 | INFO     | logger:<module>:6 - START LOGGER
2021-01-10 00:28:38.807 | INFO     | logger:<module>:6 - START LOGGER
2021-01-11 06:07:02.625 | INFO     | logger:<module>:6 - START LOGGER
2021-01-11 23:52:32.379 | INFO     | logger:<module>:6 - START LOGGER
2021-01-11 23:52:38.207 | INFO     | logger:<module>:6 - START LOGGER
2021-01-11 23:52:38.223 | INFO     | __main__:<module>:6 - START LOGGER
2021-01-11 23:52:38.223 | INFO     | __main__:<module>:6 - START LOGGER
2021-01-11 23:52:42.160 | INFO     | logger:<module>:6 - START LOGGER
2021-01-11 23:59:51.519 | INFO     | logger:<module>:6 - START LOGGER
2021-01-12 00:02:33.348 | INFO     | logger:<module>:6 - START LOGGER
2021-01-12 04:11:03.562 | INFO     | logger:<module>:6 - START LOGGER
2021-01-13 00:50:31.008 | INFO     | logger:<module>:6 - START LOGGER
2021-01-13 22:12:54.741 | INFO     | logger:<module>:6 - START LOGGER
2021-01-15 04:11:03.190 | INFO     | logger:<module>:6 - START LOGGER
2021-01-16 20:29:56.335 | ERROR    | __main__:id_tg:864 - HTTPSConnectionPool(host='d4n13l3k00.ml', port=443): Max retries exceeded with url: /api/checkTgId?uid=840219212 (Caused by SSLError(SSLCertVerificationError(1, '[SSL: CERTIFICATE_VERIFY_FAILED] certificate verify failed: certificate has expired (_ssl.c:1091)')))
2021-01-16 21:56:34.615 | INFO     | logger:<module>:6 - START LOGGER
2021-01-17 04:11:00.617 | INFO     | logger:<module>:6 - START LOGGER
2021-01-17 18:17:05.667 | INFO     | logger:<module>:6 - START LOGGER
2021-01-18 10:23:53.093 | ERROR    | __main__:id_tg:864 - 'NoneType' object has no attribute 'isdigit'
2021-01-18 13:24:10.201 | ERROR    | __main__:handler_call:672 - A request to the Telegram API was unsuccessful. Error code: 400. Description: Bad Request: message is not modified: specified new message content and reply markup are exactly the same as a current content and reply markup of the message
2021-01-18 19:44:37.406 | INFO     | logger:<module>:6 - START LOGGER
2021-01-18 22:09:34.697 | INFO     | logger:<module>:6 - START LOGGER
2021-01-19 04:11:03.216 | INFO     | logger:<module>:6 - START LOGGER
2021-01-19 10:32:33.953 | INFO     | logger:<module>:6 - START LOGGER
2021-01-19 12:11:20.000 | INFO     | logger:<module>:6 - START LOGGER
2021-01-20 17:17:17.029 | INFO     | logger:<module>:6 - START LOGGER
2021-01-20 18:09:13.266 | INFO     | logger:<module>:6 - START LOGGER
2021-01-20 18:09:25.907 | INFO     | logger:<module>:6 - START LOGGER
2021-01-20 18:09:40.876 | INFO     | logger:<module>:6 - START LOGGER
2021-01-20 18:10:56.297 | INFO     | logger:<module>:6 - START LOGGER
2021-01-20 18:37:13.708 | INFO     | logger:<module>:6 - START LOGGER
2021-01-20 18:45:03.022 | INFO     | logger:<module>:6 - START LOGGER
2021-01-20 18:45:28.272 | INFO     | logger:<module>:6 - START LOGGER
2021-01-20 18:45:44.257 | INFO     | logger:<module>:6 - START LOGGER
2021-01-20 18:46:11.007 | INFO     | logger:<module>:6 - START LOGGER
2021-01-21 08:24:45.432 | INFO     | logger:<module>:6 - START LOGGER
2021-01-21 08:25:16.870 | INFO     | logger:<module>:6 - START LOGGER
2021-01-23 03:43:19.409 | INFO     | logger:<module>:6 - START LOGGER
2021-01-23 04:11:00.742 | INFO     | logger:<module>:6 - START LOGGER
2021-01-24 15:36:14.667 | INFO     | logger:<module>:6 - START LOGGER
2021-01-26 06:53:51.477 | INFO     | logger:<module>:6 - START LOGGER
2021-01-26 16:41:38.799 | INFO     | logger:<module>:6 - START LOGGER
2021-01-26 16:47:33.941 | INFO     | logger:<module>:6 - START LOGGER
2021-01-26 16:50:20.441 | INFO     | logger:<module>:6 - START LOGGER
2021-01-26 16:55:13.661 | INFO     | logger:<module>:6 - START LOGGER
2021-01-27 04:11:05.172 | INFO     | logger:<module>:6 - START LOGGER
2021-01-27 16:01:05.037 | INFO     | logger:<module>:6 - START LOGGER
2021-01-28 23:34:33.759 | INFO     | logger:<module>:6 - START LOGGER
2021-01-29 15:26:17.897 | INFO     | logger:<module>:6 - START LOGGER
2021-01-29 16:54:34.179 | INFO     | logger:<module>:6 - START LOGGER
2021-01-29 18:54:01.379 | INFO     | logger:<module>:6 - START LOGGER
2021-01-31 13:54:10.966 | INFO     | logger:<module>:6 - START LOGGER
2021-01-31 13:54:42.263 | INFO     | logger:<module>:6 - START LOGGER
2021-02-01 04:11:05.762 | INFO     | logger:<module>:6 - START LOGGER
2021-02-01 14:05:03.214 | INFO     | logger:<module>:6 - START LOGGER
2021-02-02 12:24:08.501 | INFO     | logger:<module>:6 - START LOGGER
2021-02-02 12:24:39.720 | INFO     | logger:<module>:6 - START LOGGER
2021-02-02 19:06:21.950 | INFO     | logger:<module>:6 - START LOGGER
2021-02-03 04:11:06.697 | INFO     | logger:<module>:6 - START LOGGER
2021-02-03 15:41:42.433 | INFO     | logger:<module>:6 - START LOGGER
2021-02-05 09:56:39.804 | INFO     | logger:<module>:6 - START LOGGER
2021-02-05 09:57:11.133 | INFO     | logger:<module>:6 - START LOGGER
2021-02-05 16:09:52.932 | INFO     | logger:<module>:6 - START LOGGER
2021-02-06 04:11:04.963 | INFO     | logger:<module>:6 - START LOGGER
2021-02-07 06:12:29.051 | INFO     | logger:<module>:6 - START LOGGER
2021-02-08 04:11:02.218 | INFO     | logger:<module>:6 - START LOGGER
2021-02-09 06:32:05.809 | INFO     | logger:<module>:6 - START LOGGER
2021-02-09 18:22:16.393 | INFO     | logger:<module>:6 - START LOGGER
2021-02-09 18:22:47.956 | INFO     | logger:<module>:6 - START LOGGER
2021-02-10 21:11:29.217 | INFO     | logger:<module>:6 - START LOGGER
2021-02-10 21:12:00.514 | INFO     | logger:<module>:6 - START LOGGER
2021-02-11 04:11:10.808 | INFO     | logger:<module>:6 - START LOGGER
2021-02-11 15:50:59.322 | INFO     | logger:<module>:6 - START LOGGER
2021-02-12 00:47:23.277 | INFO     | logger:<module>:6 - START LOGGER
2021-02-12 00:47:28.121 | INFO     | logger:<module>:6 - START LOGGER
2021-02-12 00:47:32.902 | INFO     | logger:<module>:6 - START LOGGER
2021-02-12 00:47:37.777 | INFO     | logger:<module>:6 - START LOGGER
2021-02-12 00:47:42.637 | INFO     | logger:<module>:6 - START LOGGER
2021-02-12 00:47:47.605 | INFO     | logger:<module>:6 - START LOGGER
2021-02-12 00:47:52.340 | INFO     | logger:<module>:6 - START LOGGER
2021-02-12 00:47:57.277 | INFO     | logger:<module>:6 - START LOGGER
2021-02-12 00:48:02.215 | INFO     | logger:<module>:6 - START LOGGER
2021-02-12 00:48:07.137 | INFO     | logger:<module>:6 - START LOGGER
2021-02-12 06:33:14.389 | INFO     | logger:<module>:6 - START LOGGER
2021-02-12 06:33:46.014 | INFO     | logger:<module>:6 - START LOGGER
2021-05-27 10:09:31.544 | INFO     | logger:<module>:6 - START LOGGER
2021-05-27 10:11:08.005 | INFO     | logger:<module>:6 - START LOGGER
2021-05-27 10:11:53.959 | INFO     | logger:<module>:6 - START LOGGER
2021-05-27 10:12:44.125 | ERROR    | __main__:id_tg:864 - Expecting value: line 1 column 1 (char 0)
2021-05-27 10:50:15.762 | INFO     | logger:<module>:6 - START LOGGER
2021-05-27 10:51:48.007 | INFO     | logger:<module>:6 - START LOGGER
2021-05-27 10:53:58.177 | INFO     | logger:<module>:6 - START LOGGER
